<?xml version="1.0" encoding="UTF-8"?>
<!-- Generated by org.testng.reporters.JUnitXMLReporter -->
<testsuite ignored="0" hostname="LAPTOP-H81SOT6F" failures="0" tests="4" name="Default test" time="0.071" errors="0" timestamp="2023-05-20T20:00:34 IST">
  <testcase classname="testNGclass.ExeclDataRead" name="verifyLoginTest" time="0.006"/>
  <testcase classname="testNGclass.ExeclDataRead" name="verifyLoginTest" time="0.002"/>
  <testcase classname="testNGclass.ExeclDataRead" name="verifyLoginTest" time="0.002"/>
  <testcase classname="testNGclass.ExeclDataRead" name="verifyLoginTest" time="0.002"/>
</testsuite> <!-- Default test -->
